<?xml version="1.0" encoding="UTF-8"?>
<testsuite xmlns:xsi="http://www.w3.org/2001/XMLSchema-instance" xsi:noNamespaceSchemaLocation="https://maven.apache.org/surefire/maven-surefire-plugin/xsd/surefire-test-report.xsd" version="3.0.2" name="br.edu.exemplo.jogoenigma.acceptance.RunCucumberTest" time="0.605" tests="4" errors="0" skipped="0" failures="0" flakes="0">
  <properties>
[...]
</properties>
  <testcase name="Impedir registro de pontuação de risco negativa" classname="RunCucumberTest" time="0.24">
    <system-out><![CDATA[
&amp#27;[1mCenário:&amp#27;[22m Impedir registro de pontuação de risco negativa         &amp#27;[90m# classpath:features/jogo.feature:8&amp#27;[39m
  &amp#27;[32m✔&amp#27;[39m &amp#27;[32m&amp#27;[1mDado &amp#27;[22mum novo modelo de IA chamado &amp#27;[1m"Algoritmo de Crédito"&amp#27;[22m&amp#27;[39m     &amp#27;[90m# br.edu.exemplo.jogoenigma.acceptance.JogoStepDefinitions.um_novo_modelo_de_ia_chamado(java.lang.String)&amp#27;[39m
  &amp#27;[32m✔&amp#27;[39m &amp#27;[32m&amp#27;[1mQuando &amp#27;[22meu tento registrar a sua pontuação de risco como &amp#27;[1m-5,0&amp#27;[22m&amp#27;[39m &amp#27;[90m# br.edu.exemplo.jogoenigma.acceptance.JogoStepDefinitions.eu_tento_registrar_a_sua_pontuacao_de_risco_como(java.lang.Double)&amp#27;[39m
  &amp#27;[32m✔&amp#27;[39m &amp#27;[32m&amp#27;[1mEntão &amp#27;[22mo sistema deve recusar o registro lançando uma exceção&amp#27;[39m &amp#27;[90m# br.edu.exemplo.jogoenigma.acceptance.JogoStepDefinitions.o_sistema_deve_recusar_o_registro_lancando_uma_excecao()&amp#27;[39m
  &amp#27;[32m✔&amp#27;[39m &amp#27;[32m&amp#27;[1mE &amp#27;[22mo modelo não deve ser salvo&amp#27;[39m                                &amp#27;[90m# br.edu.exemplo.jogoenigma.acceptance.JogoStepDefinitions.o_modelo_nao_deve_ser_salvo()&amp#27;[39m
]]></system-out>
  </testcase>
  <testcase name="Classificar modelo automaticamente como Alto Risco" classname="RunCucumberTest" time="0.027">
    <system-out><![CDATA[
&amp#27;[1mCenário:&amp#27;[22m Classificar modelo automaticamente como Alto Risco         &amp#27;[90m# classpath:features/jogo.feature:15&amp#27;[39m
  &amp#27;[32m✔&amp#27;[39m &amp#27;[32m&amp#27;[1mDado &amp#27;[22mum modelo de IA chamado &amp#27;[1m"Reconhecimento Facial"&amp#27;[22m&amp#27;[39m            &amp#27;[90m# br.edu.exemplo.jogoenigma.acceptance.JogoStepDefinitions.um_modelo_de_ia_chamado(java.lang.String)&amp#27;[39m
  &amp#27;[32m✔&amp#27;[39m &amp#27;[32m&amp#27;[1mQuando &amp#27;[22ma sua pontuação de risco for definida como &amp#27;[1m85,0&amp#27;[22m&amp#27;[39m          &amp#27;[90m# br.edu.exemplo.jogoenigma.acceptance.JogoStepDefinitions.a_sua_pontuacao_de_risco_for_definida_como(java.lang.Double)&amp#27;[39m
  &amp#27;[32m✔&amp#27;[39m &amp#27;[32m&amp#27;[1mEntão &amp#27;[22mo sistema deve classificá-lo como um modelo de Alto Risco&amp#27;[39m &amp#27;[90m# br.edu.exemplo.jogoenigma.acceptance.JogoStepDefinitions.o_sistema_deve_classifica_lo_como_um_modelo_de_alto_risco()&amp#27;[39m
]]></system-out>
  </testcase>
  <testcase name="Classificar modelo com Risco Aceitável" classname="RunCucumberTest" time="0.012">
    <system-out><![CDATA[
&amp#27;[1mCenário:&amp#27;[22m Classificar modelo com Risco Aceitável               &amp#27;[90m# classpath:features/jogo.feature:21&amp#27;[39m
  &amp#27;[32m✔&amp#27;[39m &amp#27;[32m&amp#27;[1mDado &amp#27;[22mum modelo de IA chamado &amp#27;[1m"Chatbot de Atendimento"&amp#27;[22m&amp#27;[39m     &amp#27;[90m# br.edu.exemplo.jogoenigma.acceptance.JogoStepDefinitions.um_modelo_de_ia_chamado(java.lang.String)&amp#27;[39m
  &amp#27;[32m✔&amp#27;[39m &amp#27;[32m&amp#27;[1mQuando &amp#27;[22ma sua pontuação de risco for definida como &amp#27;[1m50,0&amp#27;[22m&amp#27;[39m    &amp#27;[90m# br.edu.exemplo.jogoenigma.acceptance.JogoStepDefinitions.a_sua_pontuacao_de_risco_for_definida_como(java.lang.Double)&amp#27;[39m
  &amp#27;[32m✔&amp#27;[39m &amp#27;[32m&amp#27;[1mEntão &amp#27;[22mo sistema deve retornar que ele não é de Alto Risco&amp#27;[39m &amp#27;[90m# br.edu.exemplo.jogoenigma.acceptance.JogoStepDefinitions.o_sistema_deve_retornar_que_ele_nao_e_de_alto_risco()&amp#27;[39m
]]></system-out>
  </testcase>
  <testcase name="Impedir o cadastro de um modelo sem nome" classname="RunCucumberTest" time="0.011">
    <system-out><![CDATA[
&amp#27;[1mCenário:&amp#27;[22m Impedir o cadastro de um modelo sem nome                           &amp#27;[90m# classpath:features/jogo.feature:27&amp#27;[39m
  &amp#27;[32m✔&amp#27;[39m &amp#27;[32m&amp#27;[1mDado &amp#27;[22mque estou mapeando uma nova inteligência artificial no QAI Control&amp#27;[39m &amp#27;[90m# br.edu.exemplo.jogoenigma.acceptance.JogoStepDefinitions.que_estou_mapeando_uma_nova_inteligencia_artificial_no_qai_control()&amp#27;[39m
  &amp#27;[32m✔&amp#27;[39m &amp#27;[32m&amp#27;[1mQuando &amp#27;[22meu tento registrar o modelo deixando o nome em branco&amp#27;[39m            &amp#27;[90m# br.edu.exemplo.jogoenigma.acceptance.JogoStepDefinitions.eu_tento_registrar_o_modelo_deixando_o_nome_em_branco()&amp#27;[39m
  &amp#27;[32m✔&amp#27;[39m &amp#27;[32m&amp#27;[1mEntão &amp#27;[22mo sistema deve bloquear o cadastro lançando uma exceção&amp#27;[39m           &amp#27;[90m# br.edu.exemplo.jogoenigma.acceptance.JogoStepDefinitions.o_sistema_deve_bloquear_o_cadastro_lancando_uma_excecao()&amp#27;[39m
]]></system-out>
  </testcase>
</testsuite>